0,122 , 0,098 , 0,016 , 0,010 , 
0,098 , 0,142 , 0,011 , 0,011 , 
0,016 , 0,011 , 0,030 , 0,006 , 
0,010 , 0,011 , 0,006 , 0,011 , 
0,261 , 0,083 , 0,179 , 0,055 , 
0,083 , 0,097 , 0,081 , 0,040 , 
0,179 , 0,081 , 0,216 , 0,072 , 
0,055 , 0,040 , 0,072 , 0,038 , 

-Punto : 5.1 , 3.5 , 1.4 , 0.2
Este punto pertenece a la clase uno: Iris-setosa

-Punto : 6.9 , 3.1 , 4.9 , 1.5
Este punto pertenece a la clase dos: Iris-versicolor

-Punto : 5.0 , 3.4 , 1.5 , 0.2
Este punto pertenece a la clase uno: Iris-setosa












El punto: 5.1 , 3.5 , 1.4 , 0.2El punto: 6.9 , 3.1 , 4.9 , 1.5El punto: 5.0 , 3.4 , 1.5 , 0.2






















0,122 , 0,098 , 0,016 , 0,010 , 
0,098 , 0,142 , 0,011 , 0,011 , 
0,016 , 0,011 , 0,030 , 0,006 , 
0,010 , 0,011 , 0,006 , 0,011 , 
0,261 , 0,083 , 0,179 , 0,055 , 
0,083 , 0,097 , 0,081 , 0,040 , 
0,179 , 0,081 , 0,216 , 0,072 , 
0,055 , 0,040 , 0,072 , 0,038 , 

-Punto : 5.1 , 3.5 , 1.4 , 0.2
Este punto pertenece a la clase uno: Iris-setosa

-Punto : 6.9 , 3.1 , 4.9 , 1.5
Este punto pertenece a la clase dos: Iris-versicolor

-Punto : 5.0 , 3.4 , 1.5 , 0.2
Este punto pertenece a la clase uno: Iris-setosa












El punto: 5.1 , 3.5 , 1.4 , 0.2El punto: 6.9 , 3.1 , 4.9 , 1.5El punto: 5.0 , 3.4 , 1.5 , 0.2






















